0 info it worked if it ends with ok
1 verbose cli [ '/home/dustin/.linuxbrew/Cellar/node/4.1.2/bin/node',
1 verbose cli   '/home/dustin/.linuxbrew/bin/npm',
1 verbose cli   'publish' ]
2 info using npm@3.3.8
3 info using node@v4.1.2
4 verbose publish [ '.' ]
5 silly cache add args [ '.', null ]
6 verbose cache add spec .
7 silly cache add parsed spec Result {
7 silly cache add   raw: '.',
7 silly cache add   scope: null,
7 silly cache add   name: null,
7 silly cache add   rawSpec: '.',
7 silly cache add   spec: '/home/dustin/Code/random-gen',
7 silly cache add   type: 'directory' }
8 verbose addLocalDirectory /home/dustin/.npm/random-gen/0.0.124/package.tgz not in flight; packing
9 info lifecycle random-gen@0.0.124~prepublish: random-gen@0.0.124
10 silly lifecycle random-gen@0.0.124~prepublish: no script for prepublish, continuing
11 verbose tar pack [ '/home/dustin/.npm/random-gen/0.0.124/package.tgz',
11 verbose tar pack   '/home/dustin/Code/random-gen' ]
12 verbose tarball /home/dustin/.npm/random-gen/0.0.124/package.tgz
13 verbose folder /home/dustin/Code/random-gen
14 verbose addLocalTarball adding from inside cache /home/dustin/.npm/random-gen/0.0.124/package.tgz
15 silly cache afterAdd random-gen@0.0.124
16 verbose afterAdd /home/dustin/.npm/random-gen/0.0.124/package/package.json not in flight; writing
17 verbose afterAdd /home/dustin/.npm/random-gen/0.0.124/package/package.json written
18 silly publish { name: 'random-gen',
18 silly publish   version: '0.0.124',
18 silly publish   description: 'random generator',
18 silly publish   main: 'random-gen.js',
18 silly publish   scripts: { test: 'jasmine' },
18 silly publish   repository:
18 silly publish    { type: 'git',
18 silly publish      url: 'git+https://github.com/dustinws/random-gen.git' },
18 silly publish   keywords: [ 'random' ],
18 silly publish   author:
18 silly publish    { name: 'Dustin Stiles',
18 silly publish      email: 'dustinwstiles@gmail.com',
18 silly publish      url: 'http://dustinwstiles.com' },
18 silly publish   license: 'MIT',
18 silly publish   bugs: { url: 'https://github.com/dustinws/random-gen/issues' },
18 silly publish   homepage: 'https://github.com/dustinws/random-gen#readme',
18 silly publish   dependencies: { 'fn-util': '0.0.316' },
18 silly publish   devDependencies: { jasmine: '2.3.2' },
18 silly publish   tonicExampleFilename: 'docs/example.js',
18 silly publish   readme: '# random-gen\n\nEasily create random strings of any length.\n\n---\n\n#### *API*      \n`random.number(n)`        \n`random.lower(n)`        \n`random.upper(n)`        \n`random.letters(n)`        \n`random.alphaNum(n)`        \n`random.any(n)`        \n\n`n` represents the desired length of the string, but `random` will use 8 by default if you choose not to pass anything.         \n\n\n\n#### *DOCS*       \n---\n`random.number(n)`      \n\nReturns an integer of `n` length\n```JavaScript\nrandom.number(16)\n//=> "7753750611098561"\n```\n---\n`random.lower(n)`      \n\nReturns a lowercase string of `n` length\n```JavaScript\nrandom.lower(16)\n//=> "mcgjmlihofwxjfsx"\n```\n---\n`random.upper(n)`      \n\nReturns an uppercase string of `n` length\n```JavaScript\nrandom.upper(16)\n//=> "TKTTVSDZYEGBVMMV"\n```\n---\n`random.letters(n)`      \n\nReturns an upper / lower case string of `n` length\n```JavaScript\nrandom.letters(16)\n//=> "ahWfDPoyOrVSaKYg"\n```\n---\n`random.alphaNum(n)`      \n\nReturns an alpha-numeric string of `n` length\n```JavaScript\nrandom.alphaNum(16)\n//=> "lEJYcbYznCU5ORdj"\n```\n---\n`random.any(n)`      \n\nSame as `random.alphaNum` with the addition of the `$ and !` characters\n```JavaScript\nrandom.any(16)\n//=> "f$KgcADOIrEyxE!o"\n```\n',
18 silly publish   readmeFilename: 'README.md',
18 silly publish   gitHead: '36859a979dcf4e346f38bef9d905d44efdcec4ee',
18 silly publish   _id: 'random-gen@0.0.124',
18 silly publish   _shasum: 'ee3ea6195f7ad68612871d8c85173df11759dd6d',
18 silly publish   _from: '.' }
19 verbose getPublishConfig undefined
20 silly mapToRegistry name random-gen
21 silly mapToRegistry using default registry
22 silly mapToRegistry registry https://registry.npmjs.org/
23 silly mapToRegistry uri https://registry.npmjs.org/random-gen
24 verbose publish registryBase https://registry.npmjs.org/
25 silly publish uploading /home/dustin/.npm/random-gen/0.0.124/package.tgz
26 verbose request uri https://registry.npmjs.org/random-gen
27 verbose request sending authorization for write operation
28 info attempt registry request try #1 at 3:59:21 PM
29 verbose request using bearer token for auth
30 verbose request id 8c28de9ffb3dbd79
31 http request PUT https://registry.npmjs.org/random-gen
32 http 403 https://registry.npmjs.org/random-gen
33 verbose headers { 'content-type': 'application/json',
33 verbose headers   'cache-control': 'max-age=60',
33 verbose headers   'content-length': '97',
33 verbose headers   'accept-ranges': 'bytes',
33 verbose headers   date: 'Sat, 21 Nov 2015 21:01:27 GMT',
33 verbose headers   via: '1.1 varnish',
33 verbose headers   connection: 'keep-alive',
33 verbose headers   'x-served-by': 'cache-jfk1024-JFK',
33 verbose headers   'x-cache': 'MISS',
33 verbose headers   'x-cache-hits': '0',
33 verbose headers   'x-timer': 'S1448139687.175489,VS0,VE685' }
34 verbose request invalidating /home/dustin/.npm/registry.npmjs.org/random-gen on PUT
35 error publish Failed PUT 403
36 verbose stack Error: "You cannot publish over the previously published version 0.0.124." : random-gen
36 verbose stack     at makeError (/home/dustin/.linuxbrew/lib/node_modules/npm/node_modules/npm-registry-client/lib/request.js:264:12)
36 verbose stack     at CachingRegistryClient.<anonymous> (/home/dustin/.linuxbrew/lib/node_modules/npm/node_modules/npm-registry-client/lib/request.js:252:14)
36 verbose stack     at Request._callback (/home/dustin/.linuxbrew/lib/node_modules/npm/node_modules/npm-registry-client/lib/request.js:172:14)
36 verbose stack     at Request.self.callback (/home/dustin/.linuxbrew/lib/node_modules/npm/node_modules/request/request.js:198:22)
36 verbose stack     at emitTwo (events.js:87:13)
36 verbose stack     at Request.emit (events.js:172:7)
36 verbose stack     at Request.<anonymous> (/home/dustin/.linuxbrew/lib/node_modules/npm/node_modules/request/request.js:1063:14)
36 verbose stack     at emitOne (events.js:82:20)
36 verbose stack     at Request.emit (events.js:169:7)
36 verbose stack     at IncomingMessage.<anonymous> (/home/dustin/.linuxbrew/lib/node_modules/npm/node_modules/request/request.js:1009:12)
37 verbose statusCode 403
38 verbose pkgid random-gen
39 verbose cwd /home/dustin/Code/random-gen
40 error Linux 3.16.0-4-amd64
41 error argv "/home/dustin/.linuxbrew/Cellar/node/4.1.2/bin/node" "/home/dustin/.linuxbrew/bin/npm" "publish"
42 error node v4.1.2
43 error npm  v3.3.8
44 error code E403
45 error "You cannot publish over the previously published version 0.0.124." : random-gen
46 error If you need help, you may report this error at:
46 error     <https://github.com/npm/npm/issues>
47 verbose exit [ 1, true ]
